<?xml version="1.0" encoding="UTF-8"?>
<coverage generated="1691954555014" clover="3.2.0">
  <project timestamp="1691954555014" name="All files">
    <metrics statements="49" coveredstatements="48" conditionals="16" coveredconditionals="15" methods="8" coveredmethods="8" elements="73" coveredelements="71" complexity="0" loc="49" ncloc="49" packages="1" files="5" classes="5"/>
    <file name="bubble.js" path="C:\Users\jgued\ClassWork\dsa-sorting\bubble.js">
      <metrics statements="9" coveredstatements="9" conditionals="2" coveredconditionals="2" methods="1" coveredmethods="1"/>
      <line num="2" count="5" type="stmt"/>
      <line num="3" count="5" type="stmt"/>
      <line num="4" count="34" type="stmt"/>
      <line num="5" count="234" type="cond" truecount="2" falsecount="0"/>
      <line num="6" count="77" type="stmt"/>
      <line num="7" count="77" type="stmt"/>
      <line num="8" count="77" type="stmt"/>
      <line num="12" count="5" type="stmt"/>
      <line num="15" count="1" type="stmt"/>
    </file>
    <file name="insertion.js" path="C:\Users\jgued\ClassWork\dsa-sorting\insertion.js">
      <metrics statements="11" coveredstatements="11" conditionals="4" coveredconditionals="4" methods="1" coveredmethods="1"/>
      <line num="2" count="5" type="stmt"/>
      <line num="3" count="5" type="stmt"/>
      <line num="4" count="30" type="cond" truecount="2" falsecount="0"/>
      <line num="5" count="19" type="stmt"/>
      <line num="6" count="178" type="cond" truecount="2" falsecount="0"/>
      <line num="7" count="62" type="stmt"/>
      <line num="8" count="62" type="stmt"/>
      <line num="9" count="62" type="stmt"/>
      <line num="13" count="30" type="stmt"/>
      <line num="15" count="5" type="stmt"/>
      <line num="18" count="1" type="stmt"/>
    </file>
    <file name="merge.js" path="C:\Users\jgued\ClassWork\dsa-sorting\merge.js">
      <metrics statements="13" coveredstatements="12" conditionals="6" coveredconditionals="5" methods="2" coveredmethods="2"/>
      <line num="2" count="3" type="stmt"/>
      <line num="3" count="3" type="stmt"/>
      <line num="4" count="3" type="cond" truecount="1" falsecount="1"/>
      <line num="5" count="0" type="stmt"/>
      <line num="7" count="3" type="stmt"/>
      <line num="12" count="5" type="cond" truecount="2" falsecount="0"/>
      <line num="13" count="2" type="stmt"/>
      <line num="14" count="2" type="stmt"/>
      <line num="16" count="3" type="stmt"/>
      <line num="17" count="3" type="stmt"/>
      <line num="18" count="1" type="stmt"/>
      <line num="19" count="1" type="stmt"/>
      <line num="22" count="1" type="stmt"/>
    </file>
    <file name="quick.js" path="C:\Users\jgued\ClassWork\dsa-sorting\quick.js">
      <metrics statements="7" coveredstatements="7" conditionals="2" coveredconditionals="2" methods="3" coveredmethods="3"/>
      <line num="7" count="4" type="stmt"/>
      <line num="8" count="4" type="stmt"/>
      <line num="9" count="4" type="stmt"/>
      <line num="10" count="38" type="cond" truecount="2" falsecount="0"/>
      <line num="11" count="14" type="stmt"/>
      <line num="14" count="4" type="stmt"/>
      <line num="23" count="1" type="stmt"/>
    </file>
    <file name="selection.js" path="C:\Users\jgued\ClassWork\dsa-sorting\selection.js">
      <metrics statements="9" coveredstatements="9" conditionals="2" coveredconditionals="2" methods="1" coveredmethods="1"/>
      <line num="2" count="5" type="stmt"/>
      <line num="3" count="34" type="stmt"/>
      <line num="4" count="34" type="stmt"/>
      <line num="5" count="268" type="cond" truecount="2" falsecount="0"/>
      <line num="6" count="62" type="stmt"/>
      <line num="7" count="62" type="stmt"/>
      <line num="8" count="62" type="stmt"/>
      <line num="12" count="5" type="stmt"/>
      <line num="15" count="1" type="stmt"/>
    </file>
  </project>
</coverage>
