{"C:\\Users\\jgued\\ClassWork\\dsa-sorting\\bubble.js": {"path":"C:\\Users\\jgued\\ClassWork\\dsa-sorting\\bubble.js","statementMap":{"0":{"start":{"line":2,"column":12},"end":{"line":2,"column":14}},"1":{"start":{"line":3,"column":2},"end":{"line":11,"column":3}},"2":{"start":{"line":3,"column":15},"end":{"line":3,"column":25}},"3":{"start":{"line":4,"column":4},"end":{"line":10,"column":5}},"4":{"start":{"line":4,"column":17},"end":{"line":4,"column":18}},"5":{"start":{"line":5,"column":6},"end":{"line":9,"column":7}},"6":{"start":{"line":6,"column":19},"end":{"line":6,"column":25}},"7":{"start":{"line":7,"column":8},"end":{"line":7,"column":28}},"8":{"start":{"line":8,"column":8},"end":{"line":8,"column":26}},"9":{"start":{"line":12,"column":2},"end":{"line":12,"column":13}},"10":{"start":{"line":15,"column":0},"end":{"line":15,"column":28}}},"fnMap":{"0":{"name":"bubbleSort","decl":{"start":{"line":1,"column":9},"end":{"line":1,"column":19}},"loc":{"start":{"line":1,"column":25},"end":{"line":13,"column":1}},"line":1}},"branchMap":{"0":{"loc":{"start":{"line":5,"column":6},"end":{"line":9,"column":7}},"type":"if","locations":[{"start":{"line":5,"column":6},"end":{"line":9,"column":7}},{"start":{"line":5,"column":6},"end":{"line":9,"column":7}}],"line":5}},"s":{"0":5,"1":5,"2":5,"3":34,"4":34,"5":234,"6":77,"7":77,"8":77,"9":5,"10":1},"f":{"0":5},"b":{"0":[77,157]},"_coverageSchema":"43e27e138ebf9cfc5966b082cf9a028302ed4184","hash":"3e371017d1cfb7e3f7a86e60c49427462e13fc57"}
,"C:\\Users\\jgued\\ClassWork\\dsa-sorting\\insertion.js": {"path":"C:\\Users\\jgued\\ClassWork\\dsa-sorting\\insertion.js","statementMap":{"0":{"start":{"line":2,"column":10},"end":{"line":2,"column":11}},"1":{"start":{"line":3,"column":2},"end":{"line":14,"column":3}},"2":{"start":{"line":4,"column":4},"end":{"line":12,"column":5}},"3":{"start":{"line":5,"column":6},"end":{"line":11,"column":7}},"4":{"start":{"line":5,"column":19},"end":{"line":5,"column":20}},"5":{"start":{"line":6,"column":8},"end":{"line":10,"column":9}},"6":{"start":{"line":7,"column":21},"end":{"line":7,"column":27}},"7":{"start":{"line":8,"column":10},"end":{"line":8,"column":26}},"8":{"start":{"line":9,"column":10},"end":{"line":9,"column":24}},"9":{"start":{"line":13,"column":4},"end":{"line":13,"column":8}},"10":{"start":{"line":15,"column":2},"end":{"line":15,"column":13}},"11":{"start":{"line":18,"column":0},"end":{"line":18,"column":31}}},"fnMap":{"0":{"name":"insertionSort","decl":{"start":{"line":1,"column":9},"end":{"line":1,"column":22}},"loc":{"start":{"line":1,"column":28},"end":{"line":16,"column":1}},"line":1}},"branchMap":{"0":{"loc":{"start":{"line":4,"column":4},"end":{"line":12,"column":5}},"type":"if","locations":[{"start":{"line":4,"column":4},"end":{"line":12,"column":5}},{"start":{"line":4,"column":4},"end":{"line":12,"column":5}}],"line":4},"1":{"loc":{"start":{"line":6,"column":8},"end":{"line":10,"column":9}},"type":"if","locations":[{"start":{"line":6,"column":8},"end":{"line":10,"column":9}},{"start":{"line":6,"column":8},"end":{"line":10,"column":9}}],"line":6}},"s":{"0":5,"1":5,"2":30,"3":19,"4":19,"5":178,"6":62,"7":62,"8":62,"9":30,"10":5,"11":1},"f":{"0":5},"b":{"0":[19,11],"1":[62,116]},"_coverageSchema":"43e27e138ebf9cfc5966b082cf9a028302ed4184","hash":"4ccec9f00c5ba3ec7bd55a5968facf6cd883abf9"}
,"C:\\Users\\jgued\\ClassWork\\dsa-sorting\\merge.js": {"path":"C:\\Users\\jgued\\ClassWork\\dsa-sorting\\merge.js","statementMap":{"0":{"start":{"line":2,"column":2},"end":{"line":2,"column":20}},"1":{"start":{"line":3,"column":2},"end":{"line":3,"column":20}},"2":{"start":{"line":4,"column":2},"end":{"line":8,"column":3}},"3":{"start":{"line":5,"column":4},"end":{"line":5,"column":29}},"4":{"start":{"line":7,"column":4},"end":{"line":7,"column":29}},"5":{"start":{"line":12,"column":2},"end":{"line":15,"column":3}},"6":{"start":{"line":13,"column":4},"end":{"line":13,"column":21}},"7":{"start":{"line":14,"column":4},"end":{"line":14,"column":15}},"8":{"start":{"line":16,"column":10},"end":{"line":16,"column":35}},"9":{"start":{"line":17,"column":2},"end":{"line":17,"column":23}},"10":{"start":{"line":18,"column":2},"end":{"line":18,"column":27}},"11":{"start":{"line":19,"column":2},"end":{"line":19,"column":22}},"12":{"start":{"line":22,"column":0},"end":{"line":22,"column":38}}},"fnMap":{"0":{"name":"merge","decl":{"start":{"line":1,"column":9},"end":{"line":1,"column":14}},"loc":{"start":{"line":1,"column":27},"end":{"line":9,"column":1}},"line":1},"1":{"name":"mergeSort","decl":{"start":{"line":11,"column":9},"end":{"line":11,"column":18}},"loc":{"start":{"line":11,"column":51},"end":{"line":20,"column":1}},"line":11}},"branchMap":{"0":{"loc":{"start":{"line":4,"column":2},"end":{"line":8,"column":3}},"type":"if","locations":[{"start":{"line":4,"column":2},"end":{"line":8,"column":3}},{"start":{"line":4,"column":2},"end":{"line":8,"column":3}}],"line":4},"1":{"loc":{"start":{"line":11,"column":24},"end":{"line":11,"column":29}},"type":"default-arg","locations":[{"start":{"line":11,"column":28},"end":{"line":11,"column":29}}],"line":11},"2":{"loc":{"start":{"line":11,"column":31},"end":{"line":11,"column":49}},"type":"default-arg","locations":[{"start":{"line":11,"column":35},"end":{"line":11,"column":49}}],"line":11},"3":{"loc":{"start":{"line":12,"column":2},"end":{"line":15,"column":3}},"type":"if","locations":[{"start":{"line":12,"column":2},"end":{"line":15,"column":3}},{"start":{"line":12,"column":2},"end":{"line":15,"column":3}}],"line":12}},"s":{"0":3,"1":3,"2":3,"3":0,"4":3,"5":5,"6":2,"7":2,"8":3,"9":3,"10":1,"11":1,"12":1},"f":{"0":3,"1":5},"b":{"0":[0,3],"1":[1],"2":[1],"3":[2,3]},"_coverageSchema":"43e27e138ebf9cfc5966b082cf9a028302ed4184","hash":"2223bf8633abcba443cb2140266bbfa51c798e13"}
,"C:\\Users\\jgued\\ClassWork\\dsa-sorting\\quick.js": {"path":"C:\\Users\\jgued\\ClassWork\\dsa-sorting\\quick.js","statementMap":{"0":{"start":{"line":7,"column":12},"end":{"line":7,"column":18}},"1":{"start":{"line":8,"column":16},"end":{"line":8,"column":17}},"2":{"start":{"line":9,"column":2},"end":{"line":13,"column":5}},"3":{"start":{"line":10,"column":4},"end":{"line":12,"column":5}},"4":{"start":{"line":11,"column":6},"end":{"line":11,"column":16}},"5":{"start":{"line":14,"column":2},"end":{"line":14,"column":17}},"6":{"start":{"line":23,"column":0},"end":{"line":23,"column":38}}},"fnMap":{"0":{"name":"pivot","decl":{"start":{"line":6,"column":9},"end":{"line":6,"column":14}},"loc":{"start":{"line":6,"column":20},"end":{"line":15,"column":1}},"line":6},"1":{"name":"(anonymous_1)","decl":{"start":{"line":9,"column":14},"end":{"line":9,"column":15}},"loc":{"start":{"line":9,"column":23},"end":{"line":13,"column":3}},"line":9},"2":{"name":"quickSort","decl":{"start":{"line":21,"column":9},"end":{"line":21,"column":18}},"loc":{"start":{"line":21,"column":30},"end":{"line":21,"column":32}},"line":21}},"branchMap":{"0":{"loc":{"start":{"line":10,"column":4},"end":{"line":12,"column":5}},"type":"if","locations":[{"start":{"line":10,"column":4},"end":{"line":12,"column":5}},{"start":{"line":10,"column":4},"end":{"line":12,"column":5}}],"line":10}},"s":{"0":4,"1":4,"2":4,"3":38,"4":14,"5":4,"6":1},"f":{"0":4,"1":38,"2":1},"b":{"0":[14,24]},"_coverageSchema":"43e27e138ebf9cfc5966b082cf9a028302ed4184","hash":"122c9216b8bc9f9d32350a68d4007e80a2458a7c"}
,"C:\\Users\\jgued\\ClassWork\\dsa-sorting\\selection.js": {"path":"C:\\Users\\jgued\\ClassWork\\dsa-sorting\\selection.js","statementMap":{"0":{"start":{"line":2,"column":2},"end":{"line":11,"column":3}},"1":{"start":{"line":2,"column":15},"end":{"line":2,"column":16}},"2":{"start":{"line":3,"column":16},"end":{"line":3,"column":22}},"3":{"start":{"line":4,"column":4},"end":{"line":10,"column":5}},"4":{"start":{"line":4,"column":17},"end":{"line":4,"column":18}},"5":{"start":{"line":5,"column":6},"end":{"line":9,"column":7}},"6":{"start":{"line":6,"column":8},"end":{"line":6,"column":24}},"7":{"start":{"line":7,"column":8},"end":{"line":7,"column":23}},"8":{"start":{"line":8,"column":8},"end":{"line":8,"column":23}},"9":{"start":{"line":12,"column":2},"end":{"line":12,"column":13}},"10":{"start":{"line":15,"column":0},"end":{"line":15,"column":31}}},"fnMap":{"0":{"name":"selectionSort","decl":{"start":{"line":1,"column":9},"end":{"line":1,"column":22}},"loc":{"start":{"line":1,"column":28},"end":{"line":13,"column":1}},"line":1}},"branchMap":{"0":{"loc":{"start":{"line":5,"column":6},"end":{"line":9,"column":7}},"type":"if","locations":[{"start":{"line":5,"column":6},"end":{"line":9,"column":7}},{"start":{"line":5,"column":6},"end":{"line":9,"column":7}}],"line":5}},"s":{"0":5,"1":5,"2":34,"3":34,"4":34,"5":268,"6":62,"7":62,"8":62,"9":5,"10":1},"f":{"0":5},"b":{"0":[62,206]},"_coverageSchema":"43e27e138ebf9cfc5966b082cf9a028302ed4184","hash":"efbcd6d3a2c4a02b7f97a6466c3e8b30612c1e4b"}
}
