TN:
SF:C:\Users\jgued\ClassWork\dsa-sorting\bubble.js
FN:1,bubbleSort
FNF:1
FNH:1
FNDA:5,bubbleSort
DA:2,5
DA:3,5
DA:4,34
DA:5,234
DA:6,77
DA:7,77
DA:8,77
DA:12,5
DA:15,1
LF:9
LH:9
BRDA:5,0,0,77
BRDA:5,0,1,157
BRF:2
BRH:2
end_of_record
TN:
SF:C:\Users\jgued\ClassWork\dsa-sorting\insertion.js
FN:1,insertionSort
FNF:1
FNH:1
FNDA:5,insertionSort
DA:2,5
DA:3,5
DA:4,30
DA:5,19
DA:6,178
DA:7,62
DA:8,62
DA:9,62
DA:13,30
DA:15,5
DA:18,1
LF:11
LH:11
BRDA:4,0,0,19
BRDA:4,0,1,11
BRDA:6,1,0,62
BRDA:6,1,1,116
BRF:4
BRH:4
end_of_record
TN:
SF:C:\Users\jgued\ClassWork\dsa-sorting\merge.js
FN:1,merge
FN:11,mergeSort
FNF:2
FNH:2
FNDA:3,merge
FNDA:5,mergeSort
DA:2,3
DA:3,3
DA:4,3
DA:5,0
DA:7,3
DA:12,5
DA:13,2
DA:14,2
DA:16,3
DA:17,3
DA:18,1
DA:19,1
DA:22,1
LF:13
LH:12
BRDA:4,0,0,0
BRDA:4,0,1,3
BRDA:11,1,0,1
BRDA:11,2,0,1
BRDA:12,3,0,2
BRDA:12,3,1,3
BRF:6
BRH:5
end_of_record
TN:
SF:C:\Users\jgued\ClassWork\dsa-sorting\quick.js
FN:6,pivot
FN:9,(anonymous_1)
FN:21,quickSort
FNF:3
FNH:3
FNDA:4,pivot
FNDA:38,(anonymous_1)
FNDA:1,quickSort
DA:7,4
DA:8,4
DA:9,4
DA:10,38
DA:11,14
DA:14,4
DA:23,1
LF:7
LH:7
BRDA:10,0,0,14
BRDA:10,0,1,24
BRF:2
BRH:2
end_of_record
TN:
SF:C:\Users\jgued\ClassWork\dsa-sorting\selection.js
FN:1,selectionSort
FNF:1
FNH:1
FNDA:5,selectionSort
DA:2,5
DA:3,34
DA:4,34
DA:5,268
DA:6,62
DA:7,62
DA:8,62
DA:12,5
DA:15,1
LF:9
LH:9
BRDA:5,0,0,62
BRDA:5,0,1,206
BRF:2
BRH:2
end_of_record
